<?xml version="1.0" encoding="UTF-8"?>
<coverage generated="1641902167235" clover="3.2.0">
  <project timestamp="1641902167235" name="All files">
    <metrics statements="49" coveredstatements="11" conditionals="16" coveredconditionals="0" methods="15" coveredmethods="3" elements="80" coveredelements="14" complexity="0" loc="49" ncloc="49" packages="1" files="3" classes="3"/>
    <file name="gameboard-module.js" path="/Users/nui/Projects/the_odin_project/battleship/src/js/gameboard-module.js">
      <metrics statements="36" coveredstatements="8" conditionals="14" coveredconditionals="0" methods="8" coveredmethods="3"/>
      <line num="14" count="1" type="stmt"/>
      <line num="15" count="1" type="stmt"/>
      <line num="19" count="1" type="stmt"/>
      <line num="20" count="1" type="stmt"/>
      <line num="24" count="1" type="stmt"/>
      <line num="25" count="100" type="stmt"/>
      <line num="27" count="1" type="stmt"/>
      <line num="30" count="0" type="stmt"/>
      <line num="33" count="0" type="stmt"/>
      <line num="35" count="0" type="stmt"/>
      <line num="37" count="0" type="stmt"/>
      <line num="44" count="0" type="stmt"/>
      <line num="45" count="0" type="stmt"/>
      <line num="46" count="0" type="stmt"/>
      <line num="48" count="0" type="cond" truecount="0" falsecount="2"/>
      <line num="49" count="0" type="cond" truecount="0" falsecount="2"/>
      <line num="50" count="0" type="stmt"/>
      <line num="51" count="0" type="stmt"/>
      <line num="54" count="0" type="stmt"/>
      <line num="57" count="0" type="cond" truecount="0" falsecount="2"/>
      <line num="58" count="0" type="stmt"/>
      <line num="59" count="0" type="stmt"/>
      <line num="62" count="0" type="stmt"/>
      <line num="68" count="0" type="stmt"/>
      <line num="70" count="0" type="cond" truecount="0" falsecount="2"/>
      <line num="71" count="0" type="stmt"/>
      <line num="74" count="0" type="cond" truecount="0" falsecount="2"/>
      <line num="75" count="0" type="stmt"/>
      <line num="76" count="0" type="stmt"/>
      <line num="79" count="0" type="stmt"/>
      <line num="82" count="0" type="stmt"/>
      <line num="84" count="0" type="cond" truecount="0" falsecount="2"/>
      <line num="85" count="0" type="stmt"/>
      <line num="88" count="0" type="stmt"/>
      <line num="92" count="0" type="cond" truecount="0" falsecount="2"/>
      <line num="97" count="1" type="stmt"/>
    </file>
    <file name="helpers.js" path="/Users/nui/Projects/the_odin_project/battleship/src/js/helpers.js">
      <metrics statements="3" coveredstatements="3" conditionals="0" coveredconditionals="0" methods="1" coveredmethods="0"/>
      <line num="1" count="1" type="stmt"/>
      <line num="9" count="1" type="stmt"/>
      <line num="17" count="1" type="stmt"/>
    </file>
    <file name="ship.module.js" path="/Users/nui/Projects/the_odin_project/battleship/src/js/ship.module.js">
      <metrics statements="10" coveredstatements="0" conditionals="2" coveredconditionals="0" methods="6" coveredmethods="0"/>
      <line num="7" count="0" type="stmt"/>
      <line num="8" count="0" type="stmt"/>
      <line num="9" count="0" type="stmt"/>
      <line num="10" count="0" type="stmt"/>
      <line num="12" count="0" type="stmt"/>
      <line num="14" count="0" type="cond" truecount="0" falsecount="2"/>
      <line num="16" count="0" type="stmt"/>
      <line num="17" count="0" type="stmt"/>
      <line num="19" count="0" type="stmt"/>
      <line num="21" count="0" type="stmt"/>
    </file>
  </project>
</coverage>
