{"/Users/nui/Projects/the_odin_project/battleship/src/js/gameboard-module.js": {"path":"/Users/nui/Projects/the_odin_project/battleship/src/js/gameboard-module.js","statementMap":{"0":{"start":{"line":14,"column":33},"end":{"line":14,"column":35}},"1":{"start":{"line":15,"column":31},"end":{"line":15,"column":32}},"2":{"start":{"line":19,"column":26},"end":{"line":19,"column":29}},"3":{"start":{"line":20,"column":22},"end":{"line":20,"column":35}},"4":{"start":{"line":24,"column":19},"end":{"line":25,"column":51}},"5":{"start":{"line":25,"column":27},"end":{"line":25,"column":50}},"6":{"start":{"line":27,"column":8},"end":{"line":27,"column":20}},"7":{"start":{"line":30,"column":27},"end":{"line":30,"column":45}},"8":{"start":{"line":33,"column":19},"end":{"line":33,"column":40}},"9":{"start":{"line":35,"column":8},"end":{"line":35,"column":50}},"10":{"start":{"line":37,"column":8},"end":{"line":37,"column":27}},"11":{"start":{"line":44,"column":21},"end":{"line":44,"column":32}},"12":{"start":{"line":45,"column":26},"end":{"line":45,"column":61}},"13":{"start":{"line":46,"column":27},"end":{"line":46,"column":30}},"14":{"start":{"line":48,"column":8},"end":{"line":64,"column":9}},"15":{"start":{"line":49,"column":12},"end":{"line":55,"column":13}},"16":{"start":{"line":50,"column":16},"end":{"line":52,"column":17}},"17":{"start":{"line":50,"column":29},"end":{"line":50,"column":30}},"18":{"start":{"line":51,"column":20},"end":{"line":51,"column":56}},"19":{"start":{"line":54,"column":16},"end":{"line":54,"column":65}},"20":{"start":{"line":57,"column":12},"end":{"line":63,"column":13}},"21":{"start":{"line":58,"column":16},"end":{"line":60,"column":17}},"22":{"start":{"line":58,"column":29},"end":{"line":58,"column":30}},"23":{"start":{"line":59,"column":20},"end":{"line":59,"column":63}},"24":{"start":{"line":62,"column":16},"end":{"line":62,"column":63}},"25":{"start":{"line":68,"column":28},"end":{"line":68,"column":49}},"26":{"start":{"line":70,"column":8},"end":{"line":86,"column":9}},"27":{"start":{"line":71,"column":12},"end":{"line":71,"column":37}},"28":{"start":{"line":74,"column":12},"end":{"line":80,"column":13}},"29":{"start":{"line":75,"column":27},"end":{"line":75,"column":43}},"30":{"start":{"line":76,"column":16},"end":{"line":76,"column":27}},"31":{"start":{"line":79,"column":16},"end":{"line":79,"column":30}},"32":{"start":{"line":82,"column":12},"end":{"line":82,"column":24}},"33":{"start":{"line":84,"column":13},"end":{"line":86,"column":9}},"34":{"start":{"line":85,"column":12},"end":{"line":85,"column":62}},"35":{"start":{"line":88,"column":8},"end":{"line":88,"column":21}},"36":{"start":{"line":92,"column":8},"end":{"line":94,"column":9}},"37":{"start":{"line":97,"column":4},"end":{"line":97,"column":57}}},"fnMap":{"0":{"name":"gameboard","decl":{"start":{"line":17,"column":9},"end":{"line":17,"column":18}},"loc":{"start":{"line":17,"column":21},"end":{"line":98,"column":1}},"line":17},"1":{"name":"_createGrid","decl":{"start":{"line":23,"column":13},"end":{"line":23,"column":24}},"loc":{"start":{"line":23,"column":28},"end":{"line":28,"column":5}},"line":23},"2":{"name":"(anonymous_2)","decl":{"start":{"line":25,"column":17},"end":{"line":25,"column":18}},"loc":{"start":{"line":25,"column":27},"end":{"line":25,"column":50}},"line":25},"3":{"name":"getBoard","decl":{"start":{"line":30,"column":13},"end":{"line":30,"column":21}},"loc":{"start":{"line":30,"column":25},"end":{"line":30,"column":47}},"line":30},"4":{"name":"setShip","decl":{"start":{"line":32,"column":13},"end":{"line":32,"column":20}},"loc":{"start":{"line":32,"column":43},"end":{"line":38,"column":5}},"line":32},"5":{"name":"_checkBorder","decl":{"start":{"line":43,"column":13},"end":{"line":43,"column":25}},"loc":{"start":{"line":43,"column":50},"end":{"line":65,"column":5}},"line":43},"6":{"name":"receiveAttack","decl":{"start":{"line":67,"column":13},"end":{"line":67,"column":26}},"loc":{"start":{"line":67,"column":37},"end":{"line":89,"column":5}},"line":67},"7":{"name":"_isSunk","decl":{"start":{"line":91,"column":13},"end":{"line":91,"column":20}},"loc":{"start":{"line":91,"column":27},"end":{"line":95,"column":5}},"line":91}},"branchMap":{"0":{"loc":{"start":{"line":48,"column":8},"end":{"line":64,"column":9}},"type":"if","locations":[{"start":{"line":48,"column":8},"end":{"line":64,"column":9}},{"start":{"line":56,"column":15},"end":{"line":64,"column":9}}],"line":48},"1":{"loc":{"start":{"line":49,"column":12},"end":{"line":55,"column":13}},"type":"if","locations":[{"start":{"line":49,"column":12},"end":{"line":55,"column":13}},{"start":{"line":53,"column":19},"end":{"line":55,"column":13}}],"line":49},"2":{"loc":{"start":{"line":57,"column":12},"end":{"line":63,"column":13}},"type":"if","locations":[{"start":{"line":57,"column":12},"end":{"line":63,"column":13}},{"start":{"line":61,"column":19},"end":{"line":63,"column":13}}],"line":57},"3":{"loc":{"start":{"line":70,"column":8},"end":{"line":86,"column":9}},"type":"if","locations":[{"start":{"line":70,"column":8},"end":{"line":86,"column":9}},{"start":{"line":84,"column":13},"end":{"line":86,"column":9}}],"line":70},"4":{"loc":{"start":{"line":74,"column":12},"end":{"line":80,"column":13}},"type":"if","locations":[{"start":{"line":74,"column":12},"end":{"line":80,"column":13}},{"start":{},"end":{}}],"line":74},"5":{"loc":{"start":{"line":84,"column":13},"end":{"line":86,"column":9}},"type":"if","locations":[{"start":{"line":84,"column":13},"end":{"line":86,"column":9}},{"start":{},"end":{}}],"line":84},"6":{"loc":{"start":{"line":92,"column":8},"end":{"line":94,"column":9}},"type":"if","locations":[{"start":{"line":92,"column":8},"end":{"line":94,"column":9}},{"start":{},"end":{}}],"line":92}},"s":{"0":1,"1":1,"2":1,"3":1,"4":1,"5":100,"6":1,"7":0,"8":0,"9":0,"10":0,"11":0,"12":0,"13":0,"14":0,"15":0,"16":0,"17":0,"18":0,"19":0,"20":0,"21":0,"22":0,"23":0,"24":0,"25":0,"26":0,"27":0,"28":0,"29":0,"30":0,"31":0,"32":0,"33":0,"34":0,"35":0,"36":0,"37":1},"f":{"0":1,"1":1,"2":100,"3":0,"4":0,"5":0,"6":0,"7":0},"b":{"0":[0,0],"1":[0,0],"2":[0,0],"3":[0,0],"4":[0,0],"5":[0,0],"6":[0,0]},"_coverageSchema":"1a1c01bbd47fc00a2c39e90264f33305004495a9","hash":"af8ee2f9108c7077135a4eeaec7655786895c82a"}
,"/Users/nui/Projects/the_odin_project/battleship/src/js/helpers.js": {"path":"/Users/nui/Projects/the_odin_project/battleship/src/js/helpers.js","statementMap":{"0":{"start":{"line":1,"column":19},"end":{"line":7,"column":1}},"1":{"start":{"line":9,"column":20},"end":{"line":15,"column":1}},"2":{"start":{"line":17,"column":18},"end":{"line":17,"column":55}},"3":{"start":{"line":17,"column":24},"end":{"line":17,"column":55}}},"fnMap":{"0":{"name":"(anonymous_0)","decl":{"start":{"line":17,"column":18},"end":{"line":17,"column":19}},"loc":{"start":{"line":17,"column":24},"end":{"line":17,"column":55}},"line":17}},"branchMap":{},"s":{"0":1,"1":1,"2":1,"3":0},"f":{"0":0},"b":{},"_coverageSchema":"1a1c01bbd47fc00a2c39e90264f33305004495a9","hash":"df9566f072616beb8921dcb793fa45f6559b17d1"}
,"/Users/nui/Projects/the_odin_project/battleship/src/js/ship.module.js": {"path":"/Users/nui/Projects/the_odin_project/battleship/src/js/ship.module.js","statementMap":{"0":{"start":{"line":7,"column":15},"end":{"line":7,"column":36}},"1":{"start":{"line":8,"column":19},"end":{"line":8,"column":34}},"2":{"start":{"line":9,"column":20},"end":{"line":9,"column":32}},"3":{"start":{"line":10,"column":15},"end":{"line":10,"column":16}},"4":{"start":{"line":12,"column":31},"end":{"line":12,"column":47}},"5":{"start":{"line":14,"column":8},"end":{"line":14,"column":98}},"6":{"start":{"line":16,"column":22},"end":{"line":16,"column":28}},"7":{"start":{"line":17,"column":26},"end":{"line":17,"column":37}},"8":{"start":{"line":19,"column":25},"end":{"line":19,"column":47}},"9":{"start":{"line":21,"column":4},"end":{"line":29,"column":5}}},"fnMap":{"0":{"name":"createShip","decl":{"start":{"line":6,"column":9},"end":{"line":6,"column":19}},"loc":{"start":{"line":6,"column":31},"end":{"line":30,"column":1}},"line":6},"1":{"name":"getDirection","decl":{"start":{"line":12,"column":13},"end":{"line":12,"column":25}},"loc":{"start":{"line":12,"column":29},"end":{"line":12,"column":49}},"line":12},"2":{"name":"changeDirection","decl":{"start":{"line":13,"column":13},"end":{"line":13,"column":28}},"loc":{"start":{"line":13,"column":32},"end":{"line":15,"column":5}},"line":13},"3":{"name":"hit","decl":{"start":{"line":16,"column":13},"end":{"line":16,"column":16}},"loc":{"start":{"line":16,"column":20},"end":{"line":16,"column":30}},"line":16},"4":{"name":"getHits","decl":{"start":{"line":17,"column":13},"end":{"line":17,"column":20}},"loc":{"start":{"line":17,"column":24},"end":{"line":17,"column":39}},"line":17},"5":{"name":"isSunk","decl":{"start":{"line":19,"column":13},"end":{"line":19,"column":19}},"loc":{"start":{"line":19,"column":23},"end":{"line":19,"column":49}},"line":19}},"branchMap":{"0":{"loc":{"start":{"line":14,"column":15},"end":{"line":14,"column":97}},"type":"cond-expr","locations":[{"start":{"line":14,"column":45},"end":{"line":14,"column":67}},{"start":{"line":14,"column":72},"end":{"line":14,"column":96}}],"line":14}},"s":{"0":0,"1":0,"2":0,"3":0,"4":0,"5":0,"6":0,"7":0,"8":0,"9":0},"f":{"0":0,"1":0,"2":0,"3":0,"4":0,"5":0},"b":{"0":[0,0]},"_coverageSchema":"1a1c01bbd47fc00a2c39e90264f33305004495a9","hash":"74390a31fc43400f4733f56bfd986ad98e2fff8e"}
}
