{"/Users/nui/Projects/the_odin_project/battleship/src/js/gameboard-module.js": {"path":"/Users/nui/Projects/the_odin_project/battleship/src/js/gameboard-module.js","statementMap":{"0":{"start":{"line":16,"column":26},"end":{"line":16,"column":29}},"1":{"start":{"line":17,"column":22},"end":{"line":17,"column":35}},"2":{"start":{"line":21,"column":19},"end":{"line":22,"column":51}},"3":{"start":{"line":22,"column":27},"end":{"line":22,"column":50}},"4":{"start":{"line":24,"column":8},"end":{"line":24,"column":20}},"5":{"start":{"line":27,"column":27},"end":{"line":27,"column":45}},"6":{"start":{"line":30,"column":19},"end":{"line":30,"column":40}},"7":{"start":{"line":32,"column":8},"end":{"line":32,"column":50}},"8":{"start":{"line":34,"column":8},"end":{"line":34,"column":27}},"9":{"start":{"line":41,"column":21},"end":{"line":41,"column":32}},"10":{"start":{"line":42,"column":26},"end":{"line":42,"column":61}},"11":{"start":{"line":43,"column":27},"end":{"line":43,"column":30}},"12":{"start":{"line":45,"column":8},"end":{"line":65,"column":9}},"13":{"start":{"line":46,"column":12},"end":{"line":54,"column":13}},"14":{"start":{"line":47,"column":16},"end":{"line":49,"column":17}},"15":{"start":{"line":47,"column":29},"end":{"line":47,"column":30}},"16":{"start":{"line":48,"column":20},"end":{"line":48,"column":56}},"17":{"start":{"line":53,"column":16},"end":{"line":53,"column":65}},"18":{"start":{"line":56,"column":12},"end":{"line":64,"column":13}},"19":{"start":{"line":57,"column":16},"end":{"line":59,"column":17}},"20":{"start":{"line":57,"column":29},"end":{"line":57,"column":30}},"21":{"start":{"line":58,"column":20},"end":{"line":58,"column":63}},"22":{"start":{"line":63,"column":16},"end":{"line":63,"column":63}},"23":{"start":{"line":69,"column":28},"end":{"line":69,"column":49}},"24":{"start":{"line":71,"column":8},"end":{"line":89,"column":9}},"25":{"start":{"line":72,"column":12},"end":{"line":72,"column":37}},"26":{"start":{"line":76,"column":12},"end":{"line":83,"column":13}},"27":{"start":{"line":77,"column":27},"end":{"line":77,"column":43}},"28":{"start":{"line":78,"column":16},"end":{"line":78,"column":27}},"29":{"start":{"line":82,"column":16},"end":{"line":82,"column":30}},"30":{"start":{"line":85,"column":12},"end":{"line":85,"column":24}},"31":{"start":{"line":87,"column":13},"end":{"line":89,"column":9}},"32":{"start":{"line":88,"column":12},"end":{"line":88,"column":62}},"33":{"start":{"line":91,"column":8},"end":{"line":91,"column":21}},"34":{"start":{"line":95,"column":8},"end":{"line":99,"column":9}},"35":{"start":{"line":98,"column":12},"end":{"line":98,"column":24}},"36":{"start":{"line":101,"column":8},"end":{"line":101,"column":21}},"37":{"start":{"line":104,"column":4},"end":{"line":104,"column":48}}},"fnMap":{"0":{"name":"gameboard","decl":{"start":{"line":14,"column":9},"end":{"line":14,"column":18}},"loc":{"start":{"line":14,"column":21},"end":{"line":105,"column":1}},"line":14},"1":{"name":"_createGrid","decl":{"start":{"line":20,"column":13},"end":{"line":20,"column":24}},"loc":{"start":{"line":20,"column":28},"end":{"line":25,"column":5}},"line":20},"2":{"name":"(anonymous_2)","decl":{"start":{"line":22,"column":17},"end":{"line":22,"column":18}},"loc":{"start":{"line":22,"column":27},"end":{"line":22,"column":50}},"line":22},"3":{"name":"getBoard","decl":{"start":{"line":27,"column":13},"end":{"line":27,"column":21}},"loc":{"start":{"line":27,"column":25},"end":{"line":27,"column":47}},"line":27},"4":{"name":"setShip","decl":{"start":{"line":29,"column":13},"end":{"line":29,"column":20}},"loc":{"start":{"line":29,"column":43},"end":{"line":35,"column":5}},"line":29},"5":{"name":"_checkBorder","decl":{"start":{"line":40,"column":13},"end":{"line":40,"column":25}},"loc":{"start":{"line":40,"column":50},"end":{"line":66,"column":5}},"line":40},"6":{"name":"receiveAttack","decl":{"start":{"line":68,"column":13},"end":{"line":68,"column":26}},"loc":{"start":{"line":68,"column":37},"end":{"line":92,"column":5}},"line":68},"7":{"name":"_isSunk","decl":{"start":{"line":94,"column":13},"end":{"line":94,"column":20}},"loc":{"start":{"line":94,"column":27},"end":{"line":102,"column":5}},"line":94}},"branchMap":{"0":{"loc":{"start":{"line":45,"column":8},"end":{"line":65,"column":9}},"type":"if","locations":[{"start":{"line":45,"column":8},"end":{"line":65,"column":9}},{"start":{"line":55,"column":15},"end":{"line":65,"column":9}}],"line":45},"1":{"loc":{"start":{"line":46,"column":12},"end":{"line":54,"column":13}},"type":"if","locations":[{"start":{"line":46,"column":12},"end":{"line":54,"column":13}},{"start":{"line":52,"column":19},"end":{"line":54,"column":13}}],"line":46},"2":{"loc":{"start":{"line":56,"column":12},"end":{"line":64,"column":13}},"type":"if","locations":[{"start":{"line":56,"column":12},"end":{"line":64,"column":13}},{"start":{"line":62,"column":19},"end":{"line":64,"column":13}}],"line":56},"3":{"loc":{"start":{"line":71,"column":8},"end":{"line":89,"column":9}},"type":"if","locations":[{"start":{"line":71,"column":8},"end":{"line":89,"column":9}},{"start":{"line":87,"column":13},"end":{"line":89,"column":9}}],"line":71},"4":{"loc":{"start":{"line":76,"column":12},"end":{"line":83,"column":13}},"type":"if","locations":[{"start":{"line":76,"column":12},"end":{"line":83,"column":13}},{"start":{},"end":{}}],"line":76},"5":{"loc":{"start":{"line":87,"column":13},"end":{"line":89,"column":9}},"type":"if","locations":[{"start":{"line":87,"column":13},"end":{"line":89,"column":9}},{"start":{},"end":{}}],"line":87},"6":{"loc":{"start":{"line":95,"column":8},"end":{"line":99,"column":9}},"type":"if","locations":[{"start":{"line":95,"column":8},"end":{"line":99,"column":9}},{"start":{},"end":{}}],"line":95}},"s":{"0":3,"1":3,"2":3,"3":300,"4":3,"5":0,"6":0,"7":0,"8":0,"9":0,"10":0,"11":0,"12":0,"13":0,"14":0,"15":0,"16":0,"17":0,"18":0,"19":0,"20":0,"21":0,"22":0,"23":0,"24":0,"25":0,"26":0,"27":0,"28":0,"29":0,"30":0,"31":0,"32":0,"33":0,"34":0,"35":0,"36":0,"37":3},"f":{"0":3,"1":3,"2":300,"3":0,"4":0,"5":0,"6":0,"7":0},"b":{"0":[0,0],"1":[0,0],"2":[0,0],"3":[0,0],"4":[0,0],"5":[0,0],"6":[0,0]},"_coverageSchema":"1a1c01bbd47fc00a2c39e90264f33305004495a9","hash":"52bbda7eb647526aed8ed33448e6922154e31528"}
,"/Users/nui/Projects/the_odin_project/battleship/src/js/player-module.js": {"path":"/Users/nui/Projects/the_odin_project/battleship/src/js/player-module.js","statementMap":{"0":{"start":{"line":5,"column":17},"end":{"line":5,"column":21}},"1":{"start":{"line":6,"column":16},"end":{"line":6,"column":27}},"2":{"start":{"line":7,"column":24},"end":{"line":7,"column":25}},"3":{"start":{"line":8,"column":25},"end":{"line":8,"column":26}},"4":{"start":{"line":11,"column":8},"end":{"line":11,"column":32}},"5":{"start":{"line":15,"column":8},"end":{"line":15,"column":22}},"6":{"start":{"line":19,"column":8},"end":{"line":19,"column":29}},"7":{"start":{"line":23,"column":8},"end":{"line":23,"column":48}},"8":{"start":{"line":28,"column":8},"end":{"line":32,"column":9}},"9":{"start":{"line":29,"column":12},"end":{"line":29,"column":51}},"10":{"start":{"line":30,"column":12},"end":{"line":30,"column":28}},"11":{"start":{"line":31,"column":12},"end":{"line":31,"column":24}},"12":{"start":{"line":33,"column":8},"end":{"line":33,"column":21}},"13":{"start":{"line":37,"column":20},"end":{"line":37,"column":64}},"14":{"start":{"line":38,"column":8},"end":{"line":40,"column":9}},"15":{"start":{"line":39,"column":12},"end":{"line":39,"column":27}},"16":{"start":{"line":44,"column":8},"end":{"line":49,"column":9}},"17":{"start":{"line":45,"column":12},"end":{"line":45,"column":27}},"18":{"start":{"line":46,"column":12},"end":{"line":46,"column":37}},"19":{"start":{"line":48,"column":12},"end":{"line":48,"column":26}},"20":{"start":{"line":53,"column":8},"end":{"line":53,"column":25}},"21":{"start":{"line":56,"column":4},"end":{"line":56,"column":108}},"22":{"start":{"line":60,"column":17},"end":{"line":60,"column":22}},"23":{"start":{"line":61,"column":16},"end":{"line":61,"column":27}},"24":{"start":{"line":62,"column":24},"end":{"line":62,"column":25}},"25":{"start":{"line":63,"column":25},"end":{"line":63,"column":26}},"26":{"start":{"line":66,"column":8},"end":{"line":66,"column":21}},"27":{"start":{"line":70,"column":8},"end":{"line":70,"column":22}},"28":{"start":{"line":74,"column":8},"end":{"line":74,"column":29}},"29":{"start":{"line":78,"column":8},"end":{"line":78,"column":48}},"30":{"start":{"line":82,"column":8},"end":{"line":84,"column":9}},"31":{"start":{"line":82,"column":21},"end":{"line":82,"column":22}},"32":{"start":{"line":83,"column":12},"end":{"line":83,"column":42}},"33":{"start":{"line":85,"column":8},"end":{"line":85,"column":20}},"34":{"start":{"line":89,"column":22},"end":{"line":89,"column":26}},"35":{"start":{"line":90,"column":8},"end":{"line":97,"column":22}},"36":{"start":{"line":91,"column":24},"end":{"line":91,"column":68}},"37":{"start":{"line":92,"column":12},"end":{"line":95,"column":13}},"38":{"start":{"line":93,"column":16},"end":{"line":93,"column":32}},"39":{"start":{"line":94,"column":16},"end":{"line":94,"column":31}},"40":{"start":{"line":101,"column":8},"end":{"line":106,"column":9}},"41":{"start":{"line":102,"column":12},"end":{"line":102,"column":27}},"42":{"start":{"line":103,"column":12},"end":{"line":103,"column":34}},"43":{"start":{"line":105,"column":12},"end":{"line":105,"column":26}},"44":{"start":{"line":110,"column":8},"end":{"line":110,"column":25}},"45":{"start":{"line":113,"column":4},"end":{"line":113,"column":109}}},"fnMap":{"0":{"name":"player","decl":{"start":{"line":4,"column":9},"end":{"line":4,"column":15}},"loc":{"start":{"line":4,"column":18},"end":{"line":57,"column":1}},"line":4},"1":{"name":"getBoard","decl":{"start":{"line":10,"column":13},"end":{"line":10,"column":21}},"loc":{"start":{"line":10,"column":24},"end":{"line":12,"column":5}},"line":10},"2":{"name":"getActive","decl":{"start":{"line":14,"column":13},"end":{"line":14,"column":22}},"loc":{"start":{"line":14,"column":25},"end":{"line":16,"column":5}},"line":14},"3":{"name":"getNumberOfShip","decl":{"start":{"line":18,"column":13},"end":{"line":18,"column":28}},"loc":{"start":{"line":18,"column":31},"end":{"line":20,"column":5}},"line":18},"4":{"name":"checkDefeat","decl":{"start":{"line":22,"column":13},"end":{"line":22,"column":24}},"loc":{"start":{"line":22,"column":27},"end":{"line":24,"column":5}},"line":22},"5":{"name":"setShip","decl":{"start":{"line":26,"column":13},"end":{"line":26,"column":20}},"loc":{"start":{"line":26,"column":31},"end":{"line":34,"column":5}},"line":26},"6":{"name":"attack","decl":{"start":{"line":36,"column":13},"end":{"line":36,"column":19}},"loc":{"start":{"line":36,"column":30},"end":{"line":41,"column":5}},"line":36},"7":{"name":"changeActive","decl":{"start":{"line":43,"column":13},"end":{"line":43,"column":25}},"loc":{"start":{"line":43,"column":37},"end":{"line":50,"column":5}},"line":43},"8":{"name":"destroyShip","decl":{"start":{"line":52,"column":13},"end":{"line":52,"column":24}},"loc":{"start":{"line":52,"column":27},"end":{"line":54,"column":5}},"line":52},"9":{"name":"nonPlayer","decl":{"start":{"line":59,"column":9},"end":{"line":59,"column":18}},"loc":{"start":{"line":59,"column":21},"end":{"line":114,"column":1}},"line":59},"10":{"name":"getBoard","decl":{"start":{"line":65,"column":13},"end":{"line":65,"column":21}},"loc":{"start":{"line":65,"column":24},"end":{"line":67,"column":5}},"line":65},"11":{"name":"getActive","decl":{"start":{"line":69,"column":13},"end":{"line":69,"column":22}},"loc":{"start":{"line":69,"column":25},"end":{"line":71,"column":5}},"line":69},"12":{"name":"getNumberOfShip","decl":{"start":{"line":73,"column":13},"end":{"line":73,"column":28}},"loc":{"start":{"line":73,"column":31},"end":{"line":75,"column":5}},"line":73},"13":{"name":"checkDefeat","decl":{"start":{"line":77,"column":13},"end":{"line":77,"column":24}},"loc":{"start":{"line":77,"column":27},"end":{"line":79,"column":5}},"line":77},"14":{"name":"setFleet","decl":{"start":{"line":81,"column":13},"end":{"line":81,"column":21}},"loc":{"start":{"line":81,"column":24},"end":{"line":86,"column":5}},"line":81},"15":{"name":"attack","decl":{"start":{"line":88,"column":13},"end":{"line":88,"column":19}},"loc":{"start":{"line":88,"column":28},"end":{"line":98,"column":5}},"line":88},"16":{"name":"changeActive","decl":{"start":{"line":100,"column":13},"end":{"line":100,"column":25}},"loc":{"start":{"line":100,"column":34},"end":{"line":107,"column":5}},"line":100},"17":{"name":"destroyShip","decl":{"start":{"line":109,"column":13},"end":{"line":109,"column":24}},"loc":{"start":{"line":109,"column":27},"end":{"line":111,"column":5}},"line":109}},"branchMap":{"0":{"loc":{"start":{"line":28,"column":8},"end":{"line":32,"column":9}},"type":"if","locations":[{"start":{"line":28,"column":8},"end":{"line":32,"column":9}},{"start":{},"end":{}}],"line":28},"1":{"loc":{"start":{"line":38,"column":8},"end":{"line":40,"column":9}},"type":"if","locations":[{"start":{"line":38,"column":8},"end":{"line":40,"column":9}},{"start":{},"end":{}}],"line":38},"2":{"loc":{"start":{"line":44,"column":8},"end":{"line":49,"column":9}},"type":"if","locations":[{"start":{"line":44,"column":8},"end":{"line":49,"column":9}},{"start":{"line":47,"column":15},"end":{"line":49,"column":9}}],"line":44},"3":{"loc":{"start":{"line":92,"column":12},"end":{"line":95,"column":13}},"type":"if","locations":[{"start":{"line":92,"column":12},"end":{"line":95,"column":13}},{"start":{},"end":{}}],"line":92},"4":{"loc":{"start":{"line":101,"column":8},"end":{"line":106,"column":9}},"type":"if","locations":[{"start":{"line":101,"column":8},"end":{"line":106,"column":9}},{"start":{"line":104,"column":15},"end":{"line":106,"column":9}}],"line":101}},"s":{"0":1,"1":1,"2":1,"3":1,"4":0,"5":0,"6":0,"7":0,"8":0,"9":0,"10":0,"11":0,"12":0,"13":0,"14":0,"15":0,"16":0,"17":0,"18":0,"19":0,"20":0,"21":1,"22":1,"23":1,"24":1,"25":1,"26":0,"27":0,"28":0,"29":0,"30":0,"31":0,"32":0,"33":0,"34":0,"35":0,"36":0,"37":0,"38":0,"39":0,"40":0,"41":0,"42":0,"43":0,"44":0,"45":1},"f":{"0":1,"1":0,"2":0,"3":0,"4":0,"5":0,"6":0,"7":0,"8":0,"9":1,"10":0,"11":0,"12":0,"13":0,"14":0,"15":0,"16":0,"17":0},"b":{"0":[0,0],"1":[0,0],"2":[0,0],"3":[0,0],"4":[0,0]},"_coverageSchema":"1a1c01bbd47fc00a2c39e90264f33305004495a9","hash":"8e33d8bf411529829395dac4538d09cba2f9ac67"}
}
