TN:
SF:src/js/gameboard-module.js
FN:17,gameboard
FN:23,_createGrid
FN:25,(anonymous_2)
FN:30,getBoard
FN:32,setShip
FN:43,_checkBorder
FN:67,receiveAttack
FN:91,_isSunk
FNF:8
FNH:3
FNDA:1,gameboard
FNDA:1,_createGrid
FNDA:100,(anonymous_2)
FNDA:0,getBoard
FNDA:0,setShip
FNDA:0,_checkBorder
FNDA:0,receiveAttack
FNDA:0,_isSunk
DA:14,1
DA:15,1
DA:19,1
DA:20,1
DA:24,1
DA:25,100
DA:27,1
DA:30,0
DA:33,0
DA:35,0
DA:37,0
DA:44,0
DA:45,0
DA:46,0
DA:48,0
DA:49,0
DA:50,0
DA:51,0
DA:54,0
DA:57,0
DA:58,0
DA:59,0
DA:62,0
DA:68,0
DA:70,0
DA:71,0
DA:74,0
DA:75,0
DA:76,0
DA:79,0
DA:82,0
DA:84,0
DA:85,0
DA:88,0
DA:92,0
DA:97,1
LF:36
LH:8
BRDA:48,0,0,0
BRDA:48,0,1,0
BRDA:49,1,0,0
BRDA:49,1,1,0
BRDA:57,2,0,0
BRDA:57,2,1,0
BRDA:70,3,0,0
BRDA:70,3,1,0
BRDA:74,4,0,0
BRDA:74,4,1,0
BRDA:84,5,0,0
BRDA:84,5,1,0
BRDA:92,6,0,0
BRDA:92,6,1,0
BRF:14
BRH:0
end_of_record
TN:
SF:src/js/helpers.js
FN:17,(anonymous_0)
FNF:1
FNH:0
FNDA:0,(anonymous_0)
DA:1,1
DA:9,1
DA:17,1
LF:3
LH:3
BRF:0
BRH:0
end_of_record
TN:
SF:src/js/ship.module.js
FN:6,createShip
FN:12,getDirection
FN:13,changeDirection
FN:16,hit
FN:17,getHits
FN:19,isSunk
FNF:6
FNH:0
FNDA:0,createShip
FNDA:0,getDirection
FNDA:0,changeDirection
FNDA:0,hit
FNDA:0,getHits
FNDA:0,isSunk
DA:7,0
DA:8,0
DA:9,0
DA:10,0
DA:12,0
DA:14,0
DA:16,0
DA:17,0
DA:19,0
DA:21,0
LF:10
LH:0
BRDA:14,0,0,0
BRDA:14,0,1,0
BRF:2
BRH:0
end_of_record
