TN:
SF:src/js/gameboard-module.js
FN:14,gameboard
FN:20,_createGrid
FN:22,(anonymous_2)
FN:27,getBoard
FN:29,setShip
FN:40,_checkBorder
FN:68,receiveAttack
FN:94,_isSunk
FNF:8
FNH:3
FNDA:3,gameboard
FNDA:3,_createGrid
FNDA:300,(anonymous_2)
FNDA:0,getBoard
FNDA:0,setShip
FNDA:0,_checkBorder
FNDA:0,receiveAttack
FNDA:0,_isSunk
DA:16,3
DA:17,3
DA:21,3
DA:22,300
DA:24,3
DA:27,0
DA:30,0
DA:32,0
DA:34,0
DA:41,0
DA:42,0
DA:43,0
DA:45,0
DA:46,0
DA:47,0
DA:48,0
DA:53,0
DA:56,0
DA:57,0
DA:58,0
DA:63,0
DA:69,0
DA:71,0
DA:72,0
DA:76,0
DA:77,0
DA:78,0
DA:82,0
DA:85,0
DA:87,0
DA:88,0
DA:91,0
DA:95,0
DA:98,0
DA:101,0
DA:104,3
LF:36
LH:6
BRDA:45,0,0,0
BRDA:45,0,1,0
BRDA:46,1,0,0
BRDA:46,1,1,0
BRDA:56,2,0,0
BRDA:56,2,1,0
BRDA:71,3,0,0
BRDA:71,3,1,0
BRDA:76,4,0,0
BRDA:76,4,1,0
BRDA:87,5,0,0
BRDA:87,5,1,0
BRDA:95,6,0,0
BRDA:95,6,1,0
BRF:14
BRH:0
end_of_record
TN:
SF:src/js/player-module.js
FN:4,player
FN:10,getBoard
FN:14,getActive
FN:18,getNumberOfShip
FN:22,checkDefeat
FN:26,setShip
FN:36,attack
FN:43,changeActive
FN:52,destroyShip
FN:59,nonPlayer
FN:65,getBoard
FN:69,getActive
FN:73,getNumberOfShip
FN:77,checkDefeat
FN:81,setFleet
FN:88,attack
FN:100,changeActive
FN:109,destroyShip
FNF:18
FNH:2
FNDA:1,player
FNDA:0,getBoard
FNDA:0,getActive
FNDA:0,getNumberOfShip
FNDA:0,checkDefeat
FNDA:0,setShip
FNDA:0,attack
FNDA:0,changeActive
FNDA:0,destroyShip
FNDA:1,nonPlayer
FNDA:0,getBoard
FNDA:0,getActive
FNDA:0,getNumberOfShip
FNDA:0,checkDefeat
FNDA:0,setFleet
FNDA:0,attack
FNDA:0,changeActive
FNDA:0,destroyShip
DA:5,1
DA:6,1
DA:7,1
DA:8,1
DA:11,0
DA:15,0
DA:19,0
DA:23,0
DA:28,0
DA:29,0
DA:30,0
DA:31,0
DA:33,0
DA:37,0
DA:38,0
DA:39,0
DA:44,0
DA:45,0
DA:46,0
DA:48,0
DA:53,0
DA:56,1
DA:60,1
DA:61,1
DA:62,1
DA:63,1
DA:66,0
DA:70,0
DA:74,0
DA:78,0
DA:82,0
DA:83,0
DA:85,0
DA:89,0
DA:90,0
DA:91,0
DA:92,0
DA:93,0
DA:94,0
DA:101,0
DA:102,0
DA:103,0
DA:105,0
DA:110,0
DA:113,1
LF:45
LH:10
BRDA:28,0,0,0
BRDA:28,0,1,0
BRDA:38,1,0,0
BRDA:38,1,1,0
BRDA:44,2,0,0
BRDA:44,2,1,0
BRDA:92,3,0,0
BRDA:92,3,1,0
BRDA:101,4,0,0
BRDA:101,4,1,0
BRF:10
BRH:0
end_of_record
